<?xml version="1.0" encoding="UTF-8"?>
<!-- Generated by org.testng.reporters.JUnitReportReporter -->
<testsuite hostname="Akshainie" failures="0" tests="1" name="framework.tests.SelectDestination" time="31.150" errors="0" timestamp="2025-03-13T12:03:29 IST" skipped="0">
  <testcase classname="framework.tests.SelectDestination" name="openUrlPage" time="31.150"/>
  <system-out/>
</testsuite> <!-- framework.tests.SelectDestination -->
