<?xml version="1.0" encoding="UTF-8"?>
<!-- Generated by org.testng.reporters.JUnitReportReporter -->
<testsuite hostname="Akshainie" failures="0" tests="2" name="framework.tests.BlazeDemo" time="4.349" errors="0" timestamp="2025-03-14T23:29:09 IST" skipped="0">
  <testcase classname="framework.tests.BlazeDemo" name="buttonDemo" time="0.452"/>
  <system-out/>
  <testcase classname="framework.tests.BlazeDemo" name="openUrlPage" time="3.897"/>
  <system-out/>
</testsuite> <!-- framework.tests.BlazeDemo -->
